#
# A fatal error has been detected by the Java Runtime Environment:
#
#  EXCEPTION_ACCESS_VIOLATION (0xc0000005) at pc=0x68df3da8, pid=9092, tid=7524
#
# JRE version: 6.0_31-b05
# Java VM: Java HotSpot(TM) Client VM (20.6-b01 mixed mode, sharing windows-x86 )
# Problematic frame:
# C  [ubitrack_java.dll+0x3da8]
#
# If you would like to submit a bug report, please visit:
#   http://java.sun.com/webapps/bugreport/crash.jsp
# The crash happened outside the Java Virtual Machine in native code.
# See problematic frame for where to report the bug.
#

---------------  T H R E A D  ---------------

Current thread (0x07464c00):  JavaThread "Thread-3" [_thread_in_native, id=7524, stack(0x0b900000,0x0b950000)]

siginfo: ExceptionCode=0xc0000005, reading address 0x04e16000

Registers:
EAX=0x00013780, EBX=0x00000000, ECX=0x04e02880, EDX=0x07464d28
ESP=0x0b94f3dc, EBP=0x0b94f408, ESI=0x0b94f3fc, EDI=0x07464c00
EIP=0x68df3da8, EFLAGS=0x00010246

Top of Stack: (sp=0x0b94f3dc)
0x0b94f3dc:   0275d82f 07464d28 0b94f3fc 04e02880
0x0b94f3ec:   00000000 00013780 0b94f408 34b64470
0x0b94f3fc:   34b72478 0000ee2d 0275d7b0 0b94f4c8
0x0b94f40c:   0275dfe0 04e02880 00000000 6d8f0408
0x0b94f41c:   00000018 00000006 00000018 0b94f458
0x0b94f42c:   6d8fba96 6d8fbac4 07464c00 34798245
0x0b94f43c:   0275dd48 0b94f468 0267df16 02672608
0x0b94f44c:   00000000 0b94f488 0000ee2d 0b94f488 

Instructions: (pc=0x68df3da8)
0x68df3d88:   d6 5e 83 c4 08 c2 0c 00 8b 44 24 14 8b 4c 24 0c
0x68df3d98:   8a 04 01 c2 14 00 cc cc 8b 44 24 14 8b 4c 24 0c
0x68df3da8:   0f b6 04 01 c2 14 00 cc 8a 44 24 18 8b 4c 24 14
0x68df3db8:   8b 54 24 0c 88 04 0a c2 18 00 cc cc cc cc cc cc 


Register to memory mapping:

EAX=0x00013780 is an unknown value
EBX=0x00000000 is an unknown value
ECX=0x04e02880 is an unknown value
EDX=0x07464d28 is an unknown value
ESP=0x0b94f3dc is pointing into the stack for thread: 0x07464c00
EBP=0x0b94f408 is pointing into the stack for thread: 0x07464c00
ESI=0x0b94f3fc is pointing into the stack for thread: 0x07464c00
EDI=0x07464c00 is a thread


Stack: [0x0b900000,0x0b950000],  sp=0x0b94f3dc,  free space=316k
Native frames: (J=compiled Java code, j=interpreted, Vv=VM code, C=native code)
C  [ubitrack_java.dll+0x3da8]  Java_ubitrack_ubitrackJNI_unsignedByteArray_1getitem+0x8
J  de.tum.in.far.threedui.general.ImageReceiver.receiveImage(Lubitrack/SimpleImage;)V
v  ~StubRoutines::call_stub
V  [jvm.dll+0xfac3b]
V  [jvm.dll+0x18c3a1]
V  [jvm.dll+0xfacbd]
V  [jvm.dll+0x95776]
V  [jvm.dll+0x9d6b8]

Java frames: (J=compiled Java code, j=interpreted, Vv=VM code)
J  ubitrack.ubitrackJNI.unsignedByteArray_getitem(JI)S
J  de.tum.in.far.threedui.general.ImageReceiver.receiveImage(Lubitrack/SimpleImage;)V
j  ubitrack.ubitrackJNI.SwigDirector_SimpleImageReceiver_receiveImage(Lubitrack/SimpleImageReceiver;J)V+10
v  ~StubRoutines::call_stub

---------------  P R O C E S S  ---------------

Java Threads: ( => current thread )
=>0x07464c00 JavaThread "Thread-3" [_thread_in_native, id=7524, stack(0x0b900000,0x0b950000)]
  0x07464400 JavaThread "DestroyJavaVM" [_thread_blocked, id=9044, stack(0x001c0000,0x00210000)]
  0x07463c00 JavaThread "J3D-InputDeviceScheduler-1" [_thread_blocked, id=5912, stack(0x0a910000,0x0a960000)]
  0x07463800 JavaThread "J3D-SoundSchedulerUpdateThread-1" [_thread_blocked, id=3800, stack(0x0a780000,0x0a7d0000)]
  0x07463000 JavaThread "J3D-RenderStructureUpdateThread-1" [_thread_blocked, id=4756, stack(0x0a6f0000,0x0a740000)]
  0x07462c00 JavaThread "J3D-BehaviorScheduler-1" [_thread_blocked, id=8248, stack(0x0a560000,0x0a5b0000)]
  0x07462400 JavaThread "J3D-TransformStructureUpdateThread-1" [_thread_blocked, id=1528, stack(0x0a4d0000,0x0a520000)]
  0x07462000 JavaThread "J3D-RenderingEnvironmentStructureUpdateThread-1" [_thread_blocked, id=6760, stack(0x0a440000,0x0a490000)]
  0x07461800 JavaThread "J3D-SoundStructureUpdateThread-1" [_thread_blocked, id=2644, stack(0x0a3b0000,0x0a400000)]
  0x07461000 JavaThread "J3D-GeometryStructureUpdateThread-1" [_thread_blocked, id=6432, stack(0x0a320000,0x0a370000)]
  0x04bd8000 JavaThread "J3D-BehaviorStructureUpdateThread-1" [_thread_blocked, id=9088, stack(0x0a290000,0x0a2e0000)]
  0x04b0a000 JavaThread "D3D Screen Updater" daemon [_thread_blocked, id=7944, stack(0x09cc0000,0x09d10000)]
  0x04ad0c00 JavaThread "AWT-EventQueue-0" [_thread_blocked, id=1200, stack(0x09c30000,0x09c80000)]
  0x04b08000 JavaThread "AWT-Shutdown" [_thread_blocked, id=1856, stack(0x09990000,0x099e0000)]
  0x04ade800 JavaThread "J3D-Renderer-1" [_thread_in_native, id=7592, stack(0x09b10000,0x09b60000)]
  0x04b2f400 JavaThread "J3D-MasterControl-1" [_thread_blocked, id=3604, stack(0x09a80000,0x09ad0000)]
  0x04b2f000 JavaThread "J3D-NotificationThread" [_thread_blocked, id=5352, stack(0x099f0000,0x09a40000)]
  0x04aa3c00 JavaThread "J3D-TimerThread" [_thread_blocked, id=3332, stack(0x09160000,0x091b0000)]
  0x07460400 JavaThread "J3D-RenderingAttributesStructureUpdateThread" [_thread_blocked, id=5428, stack(0x05270000,0x052c0000)]
  0x04aa4400 JavaThread "AWT-Windows" daemon [_thread_in_native, id=6968, stack(0x05300000,0x05350000)]
  0x04aa1000 JavaThread "Java2D Disposer" daemon [_thread_blocked, id=7904, stack(0x05000000,0x05050000)]
  0x020f8400 JavaThread "Low Memory Detector" daemon [_thread_blocked, id=8376, stack(0x04900000,0x04950000)]
  0x020e9000 JavaThread "C1 CompilerThread0" daemon [_thread_blocked, id=6764, stack(0x04870000,0x048c0000)]
  0x020e8000 JavaThread "Attach Listener" daemon [_thread_blocked, id=172, stack(0x047e0000,0x04830000)]
  0x020e4c00 JavaThread "Signal Dispatcher" daemon [_thread_blocked, id=3576, stack(0x04750000,0x047a0000)]
  0x020df400 JavaThread "Finalizer" daemon [_thread_blocked, id=8872, stack(0x046c0000,0x04710000)]
  0x020da800 JavaThread "Reference Handler" daemon [_thread_blocked, id=6712, stack(0x04670000,0x046c0000)]

Other Threads:
  0x0209dc00 VMThread [stack: 0x025e0000,0x02630000] [id=8108]
  0x020f9800 WatcherThread [stack: 0x04990000,0x049e0000] [id=8408]

VM state:not at safepoint (normal execution)

VM Mutex/Monitor currently owned by a thread: None

Heap
 def new generation   total 4928K, used 863K [0x246f0000, 0x24c40000, 0x29c40000)
  eden space 4416K,  10% used [0x246f0000, 0x24764098, 0x24b40000)
  from space 512K,  77% used [0x24b40000, 0x24ba3bd0, 0x24bc0000)
  to   space 512K,   0% used [0x24bc0000, 0x24bc0000, 0x24c40000)
 tenured generation   total 10944K, used 1873K [0x29c40000, 0x2a6f0000, 0x346f0000)
   the space 10944K,  17% used [0x29c40000, 0x29e14598, 0x29e14600, 0x2a6f0000)
 compacting perm gen  total 12288K, used 4764K [0x346f0000, 0x352f0000, 0x386f0000)
   the space 12288K,  38% used [0x346f0000, 0x34b97030, 0x34b97200, 0x352f0000)
    ro space 10240K,  51% used [0x386f0000, 0x38c1e318, 0x38c1e400, 0x390f0000)
    rw space 12288K,  55% used [0x390f0000, 0x3978a088, 0x3978a200, 0x39cf0000)

Code Cache  [0x02670000, 0x02760000, 0x04670000)
 total_blobs=570 nmethods=254 adapters=252 free_code_cache=32578112 largest_free_block=0

Dynamic libraries:
0x00400000 - 0x00425000 	C:\Program Files (x86)\Java\jre6\bin\javaw.exe
0x772d0000 - 0x77450000 	C:\Windows\SysWOW64\ntdll.dll
0x76dc0000 - 0x76ed0000 	C:\Windows\syswow64\kernel32.dll
0x75a00000 - 0x75a46000 	C:\Windows\syswow64\KERNELBASE.dll
0x75cf0000 - 0x75d90000 	C:\Windows\syswow64\ADVAPI32.dll
0x755e0000 - 0x7568c000 	C:\Windows\syswow64\msvcrt.dll
0x75230000 - 0x75249000 	C:\Windows\SysWOW64\sechost.dll
0x756e0000 - 0x757d0000 	C:\Windows\syswow64\RPCRT4.dll
0x74e30000 - 0x74e90000 	C:\Windows\syswow64\SspiCli.dll
0x74e20000 - 0x74e2c000 	C:\Windows\syswow64\CRYPTBASE.dll
0x75ad0000 - 0x75bd0000 	C:\Windows\syswow64\USER32.dll
0x76bf0000 - 0x76c80000 	C:\Windows\syswow64\GDI32.dll
0x772a0000 - 0x772aa000 	C:\Windows\syswow64\LPK.dll
0x76b20000 - 0x76bbd000 	C:\Windows\syswow64\USP10.dll
0x75260000 - 0x752c0000 	C:\Windows\system32\IMM32.DLL
0x75420000 - 0x754ec000 	C:\Windows\syswow64\MSCTF.dll
0x7c340000 - 0x7c396000 	C:\Program Files (x86)\Java\jre6\bin\msvcr71.dll
0x6d7f0000 - 0x6da9f000 	C:\Program Files (x86)\Java\jre6\bin\client\jvm.dll
0x72cf0000 - 0x72d22000 	C:\Windows\system32\WINMM.dll
0x71600000 - 0x7164c000 	C:\Windows\system32\apphelp.dll
0x6d7a0000 - 0x6d7ac000 	C:\Program Files (x86)\Java\jre6\bin\verify.dll
0x6d320000 - 0x6d33f000 	C:\Program Files (x86)\Java\jre6\bin\java.dll
0x6d7e0000 - 0x6d7ef000 	C:\Program Files (x86)\Java\jre6\bin\zip.dll
0x67c50000 - 0x67d0d000 	D:\Clinical Project\TUM_Project\3D_UI\ex1\2012-SS-3DUI\libs\ubitrack\bin\msvcr100.dll
0x67d60000 - 0x67dc9000 	D:\Clinical Project\TUM_Project\3D_UI\ex1\2012-SS-3DUI\libs\ubitrack\bin\msvcp100.dll
0x69240000 - 0x6926a000 	D:\Clinical Project\TUM_Project\3D_UI\ex1\2012-SS-3DUI\libs\ubitrack\bin\log4cpp.dll
0x729d0000 - 0x729d7000 	C:\Windows\system32\WSOCK32.dll
0x756a0000 - 0x756d5000 	C:\Windows\syswow64\WS2_32.dll
0x75690000 - 0x75696000 	C:\Windows\syswow64\NSI.dll
0x62f90000 - 0x63339000 	D:\Clinical Project\TUM_Project\3D_UI\ex1\2012-SS-3DUI\libs\ubitrack\bin\ubitrack.dll
0x67530000 - 0x6774e000 	D:\Clinical Project\TUM_Project\3D_UI\ex1\2012-SS-3DUI\libs\ubitrack\bin\cxcore210.dll
0x66dc0000 - 0x66e4e000 	C:\Windows\WinSxS\x86_microsoft.vc90.crt_1fc8b3b9a1e18e3b_9.0.30729.6161_none_50934f2ebcb7eb57\MSVCP90.dll
0x722a0000 - 0x72343000 	C:\Windows\WinSxS\x86_microsoft.vc90.crt_1fc8b3b9a1e18e3b_9.0.30729.6161_none_50934f2ebcb7eb57\MSVCR90.dll
0x65250000 - 0x654d8000 	D:\Clinical Project\TUM_Project\3D_UI\ex1\2012-SS-3DUI\libs\ubitrack\bin\cv210.dll
0x67370000 - 0x6743a000 	D:\Clinical Project\TUM_Project\3D_UI\ex1\2012-SS-3DUI\libs\ubitrack\bin\highgui210.dll
0x752c0000 - 0x7541c000 	C:\Windows\syswow64\ole32.dll
0x730a0000 - 0x7323e000 	C:\Windows\WinSxS\x86_microsoft.windows.common-controls_6595b64144ccf1df_6.0.7601.17514_none_41e6975e2bd6f2b2\COMCTL32.dll
0x75580000 - 0x755d7000 	C:\Windows\syswow64\SHLWAPI.dll
0x695c0000 - 0x695d9000 	C:\Windows\system32\AVIFIL32.dll
0x6f950000 - 0x6f964000 	C:\Windows\system32\MSACM32.dll
0x698c0000 - 0x698e1000 	C:\Windows\system32\MSVFW32.dll
0x75ed0000 - 0x76b1a000 	C:\Windows\syswow64\SHELL32.dll
0x695a0000 - 0x695b3000 	C:\Windows\system32\AVICAP32.dll
0x72f60000 - 0x72f69000 	C:\Windows\system32\VERSION.dll
0x6ba40000 - 0x6ba59000 	C:\Windows\system32\OLEPRO32.DLL
0x750b0000 - 0x7513f000 	C:\Windows\syswow64\OLEAUT32.dll
0x71300000 - 0x71380000 	C:\Windows\system32\uxtheme.dll
0x66860000 - 0x66a77000 	D:\Clinical Project\TUM_Project\3D_UI\ex1\2012-SS-3DUI\libs\ubitrack\bin\utvision.dll
0x68e40000 - 0x68e73000 	D:\Clinical Project\TUM_Project\3D_UI\ex1\2012-SS-3DUI\libs\ubitrack\bin\freeglut.dll
0x65180000 - 0x65248000 	C:\Windows\system32\OPENGL32.dll
0x68e10000 - 0x68e32000 	C:\Windows\system32\GLU32.dll
0x5f030000 - 0x5f117000 	C:\Windows\system32\DDRAW.dll
0x5f410000 - 0x5f416000 	C:\Windows\system32\DCIMAN32.dll
0x74e90000 - 0x7502d000 	C:\Windows\syswow64\SETUPAPI.dll
0x757d0000 - 0x757f7000 	C:\Windows\syswow64\CFGMGR32.dll
0x75090000 - 0x750a2000 	C:\Windows\syswow64\DEVOBJ.dll
0x72f80000 - 0x72f93000 	C:\Windows\system32\dwmapi.dll
0x68df0000 - 0x68e0d000 	D:\Clinical Project\TUM_Project\3D_UI\ex1\2012-SS-3DUI\libs\ubitrack\bin\ubitrack_java.dll
0x6d000000 - 0x6d14c000 	C:\Program Files (x86)\Java\jre6\bin\awt.dll
0x72f00000 - 0x72f51000 	C:\Windows\system32\WINSPOOL.DRV
0x6d230000 - 0x6d27f000 	C:\Program Files (x86)\Java\jre6\bin\fontmanager.dll
0x6b860000 - 0x6ba23000 	C:\Windows\system32\d3d9.dll
0x6f9c0000 - 0x6f9c6000 	C:\Windows\system32\d3d8thk.dll
0x6aeb0000 - 0x6b856000 	C:\Windows\system32\nvd3dum.dll
0x74200000 - 0x74225000 	C:\Windows\system32\powrprof.dll
0x10000000 - 0x1000e000 	C:\Program Files (x86)\Java\jre6\bin\j3dcore-ogl-chk.dll
0x07870000 - 0x086e8000 	C:\Windows\system32\nvoglv32.DLL
0x6d350000 - 0x6d356000 	C:\Program Files (x86)\Java\jre6\bin\jawt.dll
0x090a0000 - 0x090c9000 	C:\Program Files (x86)\Java\jre6\bin\j3dcore-ogl.dll
0x67f40000 - 0x67f61000 	D:\Clinical Project\TUM_Project\3D_UI\ex1\2012-SS-3DUI\libs\ubitrack\bin\ubitrack\2D3DPoseEstimation.dll
0x67d40000 - 0x67d5d000 	D:\Clinical Project\TUM_Project\3D_UI\ex1\2012-SS-3DUI\libs\ubitrack\bin\ubitrack\AbsoluteOrientation.dll
0x67d20000 - 0x67d3c000 	D:\Clinical Project\TUM_Project\3D_UI\ex1\2012-SS-3DUI\libs\ubitrack\bin\ubitrack\AbsoluteOrientationRANSAC.dll
0x67c30000 - 0x67c49000 	D:\Clinical Project\TUM_Project\3D_UI\ex1\2012-SS-3DUI\libs\ubitrack\bin\ubitrack\Accumulator.dll
0x67c10000 - 0x67c24000 	D:\Clinical Project\TUM_Project\3D_UI\ex1\2012-SS-3DUI\libs\ubitrack\bin\ubitrack\Aggregator.dll
0x67bf0000 - 0x67c05000 	D:\Clinical Project\TUM_Project\3D_UI\ex1\2012-SS-3DUI\libs\ubitrack\bin\ubitrack\ApplicationEndpointsVision.dll
0x67bb0000 - 0x67bc5000 	D:\Clinical Project\TUM_Project\3D_UI\ex1\2012-SS-3DUI\libs\ubitrack\bin\ubitrack\ApplicationPullSink.dll
0x67b90000 - 0x67baf000 	D:\Clinical Project\TUM_Project\3D_UI\ex1\2012-SS-3DUI\libs\ubitrack\bin\ubitrack\ApplicationPushSink.dll
0x67000000 - 0x67024000 	D:\Clinical Project\TUM_Project\3D_UI\ex1\2012-SS-3DUI\libs\ubitrack\bin\ubitrack\ApplicationPushSource.dll
0x66ca0000 - 0x66cd1000 	D:\Clinical Project\TUM_Project\3D_UI\ex1\2012-SS-3DUI\libs\ubitrack\bin\ubitrack\art.dll
0x69c30000 - 0x69c40000 	D:\Clinical Project\TUM_Project\3D_UI\ex1\2012-SS-3DUI\libs\ubitrack\bin\ubitrack\artBodyFileReader.dll
0x665e0000 - 0x6669f000 	D:\Clinical Project\TUM_Project\3D_UI\ex1\2012-SS-3DUI\libs\ubitrack\bin\ubitrack\artErrorEstimator.dll
0x66d90000 - 0x66dba000 	D:\Clinical Project\TUM_Project\3D_UI\ex1\2012-SS-3DUI\libs\ubitrack\bin\ubitrack\artSender.dll
0x66470000 - 0x664a6000 	D:\Clinical Project\TUM_Project\3D_UI\ex1\2012-SS-3DUI\libs\ubitrack\bin\ubitrack\Average.dll
0x67510000 - 0x67529000 	D:\Clinical Project\TUM_Project\3D_UI\ex1\2012-SS-3DUI\libs\ubitrack\bin\ubitrack\AVIFrameGrabber.dll
0x66c80000 - 0x66c9d000 	D:\Clinical Project\TUM_Project\3D_UI\ex1\2012-SS-3DUI\libs\ubitrack\bin\ubitrack\Buffer.dll
0x650e0000 - 0x65176000 	D:\Clinical Project\TUM_Project\3D_UI\ex1\2012-SS-3DUI\libs\ubitrack\bin\ubitrack\CalibFile.dll
0x66840000 - 0x66856000 	D:\Clinical Project\TUM_Project\3D_UI\ex1\2012-SS-3DUI\libs\ubitrack\bin\ubitrack\CameraProjectionMatrix.dll
0x66440000 - 0x66462000 	D:\Clinical Project\TUM_Project\3D_UI\ex1\2012-SS-3DUI\libs\ubitrack\bin\ubitrack\CastComponent.dll
0x66420000 - 0x6643b000 	D:\Clinical Project\TUM_Project\3D_UI\ex1\2012-SS-3DUI\libs\ubitrack\bin\ubitrack\ChessboardFunctions.dll
0x66200000 - 0x6621c000 	D:\Clinical Project\TUM_Project\3D_UI\ex1\2012-SS-3DUI\libs\ubitrack\bin\ubitrack\Collector.dll
0x661e0000 - 0x661f2000 	D:\Clinical Project\TUM_Project\3D_UI\ex1\2012-SS-3DUI\libs\ubitrack\bin\ubitrack\Color2Grayscale.dll
0x650c0000 - 0x650d1000 	D:\Clinical Project\TUM_Project\3D_UI\ex1\2012-SS-3DUI\libs\ubitrack\bin\ubitrack\Countdown.dll
0x650a0000 - 0x650bc000 	D:\Clinical Project\TUM_Project\3D_UI\ex1\2012-SS-3DUI\libs\ubitrack\bin\ubitrack\CovarianceEstimation.dll
0x65080000 - 0x65093000 	D:\Clinical Project\TUM_Project\3D_UI\ex1\2012-SS-3DUI\libs\ubitrack\bin\ubitrack\DecomposeProjectionMatrix.dll
0x65060000 - 0x6507a000 	D:\Clinical Project\TUM_Project\3D_UI\ex1\2012-SS-3DUI\libs\ubitrack\bin\ubitrack\Delay.dll
0x65040000 - 0x65058000 	D:\Clinical Project\TUM_Project\3D_UI\ex1\2012-SS-3DUI\libs\ubitrack\bin\ubitrack\Direction.dll
0x65020000 - 0x65036000 	D:\Clinical Project\TUM_Project\3D_UI\ex1\2012-SS-3DUI\libs\ubitrack\bin\ubitrack\DirectShowFrameGrabber.dll
0x65000000 - 0x65017000 	D:\Clinical Project\TUM_Project\3D_UI\ex1\2012-SS-3DUI\libs\ubitrack\bin\ubitrack\Distance.dll
0x64fd0000 - 0x64ff3000 	D:\Clinical Project\TUM_Project\3D_UI\ex1\2012-SS-3DUI\libs\ubitrack\bin\ubitrack\ExponentialSmoothing.dll
0x64fb0000 - 0x64fc5000 	D:\Clinical Project\TUM_Project\3D_UI\ex1\2012-SS-3DUI\libs\ubitrack\bin\ubitrack\FindSubPixelCorner.dll
0x64f90000 - 0x64fa1000 	D:\Clinical Project\TUM_Project\3D_UI\ex1\2012-SS-3DUI\libs\ubitrack\bin\ubitrack\FrameBuffer.dll
0x64f70000 - 0x64f89000 	D:\Clinical Project\TUM_Project\3D_UI\ex1\2012-SS-3DUI\libs\ubitrack\bin\ubitrack\FrameSampler.dll
0x64f50000 - 0x64f66000 	D:\Clinical Project\TUM_Project\3D_UI\ex1\2012-SS-3DUI\libs\ubitrack\bin\ubitrack\FunctionalFusion.dll
0x64f20000 - 0x64f4f000 	D:\Clinical Project\TUM_Project\3D_UI\ex1\2012-SS-3DUI\libs\ubitrack\bin\ubitrack\Gate.dll
0x64f00000 - 0x64f1c000 	D:\Clinical Project\TUM_Project\3D_UI\ex1\2012-SS-3DUI\libs\ubitrack\bin\ubitrack\gps.dll
0x64ee0000 - 0x64efb000 	D:\Clinical Project\TUM_Project\3D_UI\ex1\2012-SS-3DUI\libs\ubitrack\bin\ubitrack\HandEyeCalibration.dll
0x64ec0000 - 0x64ed9000 	D:\Clinical Project\TUM_Project\3D_UI\ex1\2012-SS-3DUI\libs\ubitrack\bin\ubitrack\HighguiFrameGrabber.dll
0x64e90000 - 0x64eb5000 	D:\Clinical Project\TUM_Project\3D_UI\ex1\2012-SS-3DUI\libs\ubitrack\bin\ubitrack\HighguiWindow.dll
0x64e70000 - 0x64e8b000 	D:\Clinical Project\TUM_Project\3D_UI\ex1\2012-SS-3DUI\libs\ubitrack\bin\ubitrack\HomogeneousMatrixEstimation.dll
0x64e50000 - 0x64e6a000 	D:\Clinical Project\TUM_Project\3D_UI\ex1\2012-SS-3DUI\libs\ubitrack\bin\ubitrack\Identity.dll
0x64e30000 - 0x64e49000 	D:\Clinical Project\TUM_Project\3D_UI\ex1\2012-SS-3DUI\libs\ubitrack\bin\ubitrack\ImageFileFrameGrabber.dll
0x64e10000 - 0x64e27000 	D:\Clinical Project\TUM_Project\3D_UI\ex1\2012-SS-3DUI\libs\ubitrack\bin\ubitrack\ImageFileRecorder.dll
0x64df0000 - 0x64e04000 	D:\Clinical Project\TUM_Project\3D_UI\ex1\2012-SS-3DUI\libs\ubitrack\bin\ubitrack\ImageGate.dll
0x64dd0000 - 0x64de6000 	D:\Clinical Project\TUM_Project\3D_UI\ex1\2012-SS-3DUI\libs\ubitrack\bin\ubitrack\ImageIO.dll
0x64a80000 - 0x64af0000 	D:\Clinical Project\TUM_Project\3D_UI\ex1\2012-SS-3DUI\libs\ubitrack\bin\ubitrack\ImagePointPlaneIntersection.dll
0x64db0000 - 0x64dc2000 	D:\Clinical Project\TUM_Project\3D_UI\ex1\2012-SS-3DUI\libs\ubitrack\bin\ubitrack\ImageShrink.dll
0x64b70000 - 0x64b85000 	D:\Clinical Project\TUM_Project\3D_UI\ex1\2012-SS-3DUI\libs\ubitrack\bin\ubitrack\ImageTrigger.dll
0x64a60000 - 0x64a7e000 	D:\Clinical Project\TUM_Project\3D_UI\ex1\2012-SS-3DUI\libs\ubitrack\bin\ubitrack\Intrinsic.dll
0x64a30000 - 0x64a55000 	D:\Clinical Project\TUM_Project\3D_UI\ex1\2012-SS-3DUI\libs\ubitrack\bin\ubitrack\Inversion.dll
0x647f0000 - 0x64813000 	D:\Clinical Project\TUM_Project\3D_UI\ex1\2012-SS-3DUI\libs\ubitrack\bin\ubitrack\kuka.dll
0x647d0000 - 0x647e6000 	D:\Clinical Project\TUM_Project\3D_UI\ex1\2012-SS-3DUI\libs\ubitrack\bin\ubitrack\LightPointDetection.dll
0x647b0000 - 0x647c9000 	D:\Clinical Project\TUM_Project\3D_UI\ex1\2012-SS-3DUI\libs\ubitrack\bin\ubitrack\LinearInterpolation.dll
0x64790000 - 0x647a7000 	D:\Clinical Project\TUM_Project\3D_UI\ex1\2012-SS-3DUI\libs\ubitrack\bin\ubitrack\ListExtractor.dll
0x64770000 - 0x6478c000 	D:\Clinical Project\TUM_Project\3D_UI\ex1\2012-SS-3DUI\libs\ubitrack\bin\ubitrack\ListGate.dll
0x64740000 - 0x64764000 	D:\Clinical Project\TUM_Project\3D_UI\ex1\2012-SS-3DUI\libs\ubitrack\bin\ubitrack\MarkerTracker.dll
0x64710000 - 0x64734000 	D:\Clinical Project\TUM_Project\3D_UI\ex1\2012-SS-3DUI\libs\ubitrack\bin\ubitrack\MatrixMultiplication.dll
0x646f0000 - 0x64703000 	D:\Clinical Project\TUM_Project\3D_UI\ex1\2012-SS-3DUI\libs\ubitrack\bin\ubitrack\MausometerAggregator.dll
0x646c0000 - 0x646e6000 	D:\Clinical Project\TUM_Project\3D_UI\ex1\2012-SS-3DUI\libs\ubitrack\bin\ubitrack\MausometerDriver.dll

VM Arguments:
jvm_args: -Dfile.encoding=Cp1252 
java_command: de.tum.in.far.threedui.ex2.Exercise2
Launcher Type: SUN_STANDARD

Environment Variables:
CLASSPATH=.;C:\Program Files (x86)\Java\jre6\lib\ext\QTJava.zip
PATH=C:/Program Files (x86)/Java/jre6/bin/client;C:/Program Files (x86)/Java/jre6/bin;C:/Program Files (x86)/Java/jre6/lib/i386;C:\Program Files (x86)\ImageMagick-6.7.6-Q16;C:\Program Files (x86)\PC Connectivity Solution\;C:\Program Files (x86)\MiKTeX 2.9\miktex\bin;C:\Program Files (x86)\MiKTeX 2.8\miktex\bin;C:\Program Files\Common Files\Microsoft Shared\Windows Live;C:\Program Files (x86)\Common Files\Microsoft Shared\Windows Live;C:\Windows\system32;C:\Windows;C:\Windows\System32\Wbem;C:\Windows\System32\WindowsPowerShell\v1.0\;C:\Program Files (x86)\Windows Live\Shared;C:\Program Files (x86)\Microsoft SQL Server\100\Tools\Binn\;C:\Program Files (x86)\Microsoft SQL Server\100\DTS\Binn\;C:\Program Files (x86)\doxygen\bin;C:\Program Files (x86)\MATLAB\R2011a Student\bin;C:\Program Files (x86)\QuickTime\QTSystem\;C:\Program Files\TortoiseSVN\bin;C:\Python27\Scripts;C:\OpenCV2.3\build\x86\vc10\bin;C:\Program Files (x86)\Java\jdk1.6.0_25\bin;D:\Extend3D\Softwares\swig\swigwin-2.0.4\swigwin-2.0.4;D:\Extend3D\Softwares\freeglut\freeglut-MSVC-2.6.0-3.mp\freeglut;D:\Extend3D\ubitrack\bin;C:\OpenCV2.3\build\common\tbb\ia32\vc10;D:\Extend3D\qt\4.7.1\bin;C:\Program Files\TortoiseGit\bin;C:\Program Files (x86)\Tex\miktex\bin;C:\OpenCV2.2\build\bin\Release;C:\OpenCV2.2\build\bin\Debug;C:\WATCOM\BINNT;C:\WATCOM\BINW;D:\Extend3D\ubitrack\bin;C:\Program Files (x86)\CVSNT\;D:\Clinical Project\TUM_Project\3D_UI\eclipse;
USERNAME=Naik
OS=Windows_NT
PROCESSOR_IDENTIFIER=Intel64 Family 6 Model 42 Stepping 7, GenuineIntel



---------------  S Y S T E M  ---------------

OS: Windows 7 , 64 bit Build 7601 Service Pack 1

CPU:total 4 (2 cores per cpu, 2 threads per core) family 6 model 42 stepping 7, cmov, cx8, fxsr, mmx, sse, sse2, sse3, ssse3, sse4.1, sse4.2, popcnt, ht

Memory: 4k page, physical 4171624k(1190008k free), swap 8341396k(4401764k free)

vm_info: Java HotSpot(TM) Client VM (20.6-b01) for windows-x86 JRE (1.6.0_31-b05), built on Feb  3 2012 18:44:09 by "java_re" with MS VC++ 7.1 (VS2003)

time: Wed May 09 00:00:24 2012
elapsed time: 6 seconds

